INFO - 2024-09-02 06:39:23 --> Session: Class initialized using 'CodeIgniter\Session\Handlers\FileHandler' driver.
INFO - 2024-09-02 06:39:40 --> Session: Class initialized using 'CodeIgniter\Session\Handlers\FileHandler' driver.
INFO - 2024-09-02 06:39:48 --> Session: Class initialized using 'CodeIgniter\Session\Handlers\FileHandler' driver.
INFO - 2024-09-02 06:41:00 --> Session: Class initialized using 'CodeIgniter\Session\Handlers\FileHandler' driver.
CRITICAL - 2024-09-02 06:41:00 --> Undefined variable $latestProducts
in APPPATH\Views\user\products\index.php on line 35.
 1 APPPATH\Views\user\products\index.php(35): CodeIgniter\Debug\Exceptions->errorHandler(2, 'Undefined variable $latestProducts', 'C:\\project\\hantarankayumalang.kadinkotamalang.com\\47\\app\\Views\\user\\products\\index.php', 35)
 2 SYSTEMPATH\View\View.php(224): include('C:\\project\\hantarankayumalang.kadinkotamalang.com\\47\\app\\Views\\user\\products\\index.php')
 3 SYSTEMPATH\View\View.php(227): CodeIgniter\View\View->CodeIgniter\View\{closure}()
 4 SYSTEMPATH\Common.php(1180): CodeIgniter\View\View->render('user/products/index', [], true)
 5 APPPATH\Controllers\user\Productsctrl.php(50): view('user/products/index', [...])
 6 SYSTEMPATH\CodeIgniter.php(932): App\Controllers\user\Productsctrl->index()
 7 SYSTEMPATH\CodeIgniter.php(497): CodeIgniter\CodeIgniter->runController(Object(App\Controllers\user\Productsctrl))
 8 SYSTEMPATH\CodeIgniter.php(366): CodeIgniter\CodeIgniter->handleRequest(null, Object(Config\Cache), false)
 9 FCPATH\index.php(67): CodeIgniter\CodeIgniter->run()
10 SYSTEMPATH\Commands\Server\rewrite.php(47): require_once('C:\\project\\hantarankayumalang.kadinkotamalang.com\\47\\public\\index.php')
INFO - 2024-09-02 06:47:19 --> Session: Class initialized using 'CodeIgniter\Session\Handlers\FileHandler' driver.
CRITICAL - 2024-09-02 06:47:19 --> Undefined variable $allProducts
in APPPATH\Views\user\products\index.php on line 35.
 1 APPPATH\Views\user\products\index.php(35): CodeIgniter\Debug\Exceptions->errorHandler(2, 'Undefined variable $allProducts', 'C:\\project\\hantarankayumalang.kadinkotamalang.com\\47\\app\\Views\\user\\products\\index.php', 35)
 2 SYSTEMPATH\View\View.php(224): include('C:\\project\\hantarankayumalang.kadinkotamalang.com\\47\\app\\Views\\user\\products\\index.php')
 3 SYSTEMPATH\View\View.php(227): CodeIgniter\View\View->CodeIgniter\View\{closure}()
 4 SYSTEMPATH\Common.php(1180): CodeIgniter\View\View->render('user/products/index', [], true)
 5 APPPATH\Controllers\user\Productsctrl.php(50): view('user/products/index', [...])
 6 SYSTEMPATH\CodeIgniter.php(932): App\Controllers\user\Productsctrl->index()
 7 SYSTEMPATH\CodeIgniter.php(497): CodeIgniter\CodeIgniter->runController(Object(App\Controllers\user\Productsctrl))
 8 SYSTEMPATH\CodeIgniter.php(366): CodeIgniter\CodeIgniter->handleRequest(null, Object(Config\Cache), false)
 9 FCPATH\index.php(67): CodeIgniter\CodeIgniter->run()
10 SYSTEMPATH\Commands\Server\rewrite.php(47): require_once('C:\\project\\hantarankayumalang.kadinkotamalang.com\\47\\public\\index.php')
INFO - 2024-09-02 06:50:31 --> Session: Class initialized using 'CodeIgniter\Session\Handlers\FileHandler' driver.
CRITICAL - 2024-09-02 06:50:31 --> Undefined variable $latestProducts
in APPPATH\Views\user\products\index.php on line 38.
 1 APPPATH\Views\user\products\index.php(38): CodeIgniter\Debug\Exceptions->errorHandler(2, 'Undefined variable $latestProducts', 'C:\\project\\hantarankayumalang.kadinkotamalang.com\\47\\app\\Views\\user\\products\\index.php', 38)
 2 SYSTEMPATH\View\View.php(224): include('C:\\project\\hantarankayumalang.kadinkotamalang.com\\47\\app\\Views\\user\\products\\index.php')
 3 SYSTEMPATH\View\View.php(227): CodeIgniter\View\View->CodeIgniter\View\{closure}()
 4 SYSTEMPATH\Common.php(1180): CodeIgniter\View\View->render('user/products/index', [], true)
 5 APPPATH\Controllers\user\Productsctrl.php(50): view('user/products/index', [...])
 6 SYSTEMPATH\CodeIgniter.php(932): App\Controllers\user\Productsctrl->index()
 7 SYSTEMPATH\CodeIgniter.php(497): CodeIgniter\CodeIgniter->runController(Object(App\Controllers\user\Productsctrl))
 8 SYSTEMPATH\CodeIgniter.php(366): CodeIgniter\CodeIgniter->handleRequest(null, Object(Config\Cache), false)
 9 FCPATH\index.php(67): CodeIgniter\CodeIgniter->run()
10 SYSTEMPATH\Commands\Server\rewrite.php(47): require_once('C:\\project\\hantarankayumalang.kadinkotamalang.com\\47\\public\\index.php')
INFO - 2024-09-02 06:51:13 --> Session: Class initialized using 'CodeIgniter\Session\Handlers\FileHandler' driver.
CRITICAL - 2024-09-02 06:51:13 --> Undefined variable $product
in APPPATH\Views\user\products\index.php on line 42.
 1 APPPATH\Views\user\products\index.php(42): CodeIgniter\Debug\Exceptions->errorHandler(2, 'Undefined variable $product', 'C:\\project\\hantarankayumalang.kadinkotamalang.com\\47\\app\\Views\\user\\products\\index.php', 42)
 2 SYSTEMPATH\View\View.php(224): include('C:\\project\\hantarankayumalang.kadinkotamalang.com\\47\\app\\Views\\user\\products\\index.php')
 3 SYSTEMPATH\View\View.php(227): CodeIgniter\View\View->CodeIgniter\View\{closure}()
 4 SYSTEMPATH\Common.php(1180): CodeIgniter\View\View->render('user/products/index', [], true)
 5 APPPATH\Controllers\user\Productsctrl.php(50): view('user/products/index', [...])
 6 SYSTEMPATH\CodeIgniter.php(932): App\Controllers\user\Productsctrl->index()
 7 SYSTEMPATH\CodeIgniter.php(497): CodeIgniter\CodeIgniter->runController(Object(App\Controllers\user\Productsctrl))
 8 SYSTEMPATH\CodeIgniter.php(366): CodeIgniter\CodeIgniter->handleRequest(null, Object(Config\Cache), false)
 9 FCPATH\index.php(67): CodeIgniter\CodeIgniter->run()
10 SYSTEMPATH\Commands\Server\rewrite.php(47): require_once('C:\\project\\hantarankayumalang.kadinkotamalang.com\\47\\public\\index.php')
INFO - 2024-09-02 06:51:15 --> Session: Class initialized using 'CodeIgniter\Session\Handlers\FileHandler' driver.
CRITICAL - 2024-09-02 06:51:15 --> Undefined variable $product
in APPPATH\Views\user\products\index.php on line 42.
 1 APPPATH\Views\user\products\index.php(42): CodeIgniter\Debug\Exceptions->errorHandler(2, 'Undefined variable $product', 'C:\\project\\hantarankayumalang.kadinkotamalang.com\\47\\app\\Views\\user\\products\\index.php', 42)
 2 SYSTEMPATH\View\View.php(224): include('C:\\project\\hantarankayumalang.kadinkotamalang.com\\47\\app\\Views\\user\\products\\index.php')
 3 SYSTEMPATH\View\View.php(227): CodeIgniter\View\View->CodeIgniter\View\{closure}()
 4 SYSTEMPATH\Common.php(1180): CodeIgniter\View\View->render('user/products/index', [], true)
 5 APPPATH\Controllers\user\Productsctrl.php(50): view('user/products/index', [...])
 6 SYSTEMPATH\CodeIgniter.php(932): App\Controllers\user\Productsctrl->index()
 7 SYSTEMPATH\CodeIgniter.php(497): CodeIgniter\CodeIgniter->runController(Object(App\Controllers\user\Productsctrl))
 8 SYSTEMPATH\CodeIgniter.php(366): CodeIgniter\CodeIgniter->handleRequest(null, Object(Config\Cache), false)
 9 FCPATH\index.php(67): CodeIgniter\CodeIgniter->run()
10 SYSTEMPATH\Commands\Server\rewrite.php(47): require_once('C:\\project\\hantarankayumalang.kadinkotamalang.com\\47\\public\\index.php')
INFO - 2024-09-02 06:54:07 --> Session: Class initialized using 'CodeIgniter\Session\Handlers\FileHandler' driver.
INFO - 2024-09-02 06:55:24 --> Session: Class initialized using 'CodeIgniter\Session\Handlers\FileHandler' driver.
INFO - 2024-09-02 06:55:35 --> Session: Class initialized using 'CodeIgniter\Session\Handlers\FileHandler' driver.
INFO - 2024-09-02 06:55:52 --> Session: Class initialized using 'CodeIgniter\Session\Handlers\FileHandler' driver.
INFO - 2024-09-02 06:57:07 --> Session: Class initialized using 'CodeIgniter\Session\Handlers\FileHandler' driver.
INFO - 2024-09-02 06:57:40 --> Session: Class initialized using 'CodeIgniter\Session\Handlers\FileHandler' driver.
INFO - 2024-09-02 06:57:50 --> Session: Class initialized using 'CodeIgniter\Session\Handlers\FileHandler' driver.
INFO - 2024-09-02 06:57:53 --> Session: Class initialized using 'CodeIgniter\Session\Handlers\FileHandler' driver.
INFO - 2024-09-02 07:06:26 --> Session: Class initialized using 'CodeIgniter\Session\Handlers\FileHandler' driver.
INFO - 2024-09-02 07:08:40 --> Session: Class initialized using 'CodeIgniter\Session\Handlers\FileHandler' driver.
INFO - 2024-09-02 07:13:15 --> Session: Class initialized using 'CodeIgniter\Session\Handlers\FileHandler' driver.
INFO - 2024-09-02 07:15:21 --> Session: Class initialized using 'CodeIgniter\Session\Handlers\FileHandler' driver.
INFO - 2024-09-02 07:15:26 --> Session: Class initialized using 'CodeIgniter\Session\Handlers\FileHandler' driver.
INFO - 2024-09-02 07:15:44 --> Session: Class initialized using 'CodeIgniter\Session\Handlers\FileHandler' driver.
INFO - 2024-09-02 07:18:33 --> Session: Class initialized using 'CodeIgniter\Session\Handlers\FileHandler' driver.
INFO - 2024-09-02 07:20:54 --> Session: Class initialized using 'CodeIgniter\Session\Handlers\FileHandler' driver.
INFO - 2024-09-02 07:21:18 --> Session: Class initialized using 'CodeIgniter\Session\Handlers\FileHandler' driver.
INFO - 2024-09-02 07:22:00 --> Session: Class initialized using 'CodeIgniter\Session\Handlers\FileHandler' driver.
INFO - 2024-09-02 07:28:49 --> Session: Class initialized using 'CodeIgniter\Session\Handlers\FileHandler' driver.
INFO - 2024-09-02 07:29:14 --> Session: Class initialized using 'CodeIgniter\Session\Handlers\FileHandler' driver.
INFO - 2024-09-02 07:29:26 --> Session: Class initialized using 'CodeIgniter\Session\Handlers\FileHandler' driver.
INFO - 2024-09-02 07:30:02 --> Session: Class initialized using 'CodeIgniter\Session\Handlers\FileHandler' driver.
INFO - 2024-09-02 07:30:10 --> Session: Class initialized using 'CodeIgniter\Session\Handlers\FileHandler' driver.
INFO - 2024-09-02 07:30:15 --> Session: Class initialized using 'CodeIgniter\Session\Handlers\FileHandler' driver.
INFO - 2024-09-02 07:30:47 --> Session: Class initialized using 'CodeIgniter\Session\Handlers\FileHandler' driver.
INFO - 2024-09-02 07:30:58 --> Session: Class initialized using 'CodeIgniter\Session\Handlers\FileHandler' driver.
INFO - 2024-09-02 07:31:34 --> Session: Class initialized using 'CodeIgniter\Session\Handlers\FileHandler' driver.
INFO - 2024-09-02 07:31:38 --> Session: Class initialized using 'CodeIgniter\Session\Handlers\FileHandler' driver.
INFO - 2024-09-02 07:31:47 --> Session: Class initialized using 'CodeIgniter\Session\Handlers\FileHandler' driver.
INFO - 2024-09-02 07:34:40 --> Session: Class initialized using 'CodeIgniter\Session\Handlers\FileHandler' driver.
INFO - 2024-09-02 07:35:35 --> Session: Class initialized using 'CodeIgniter\Session\Handlers\FileHandler' driver.
INFO - 2024-09-02 07:36:14 --> Session: Class initialized using 'CodeIgniter\Session\Handlers\FileHandler' driver.
INFO - 2024-09-02 07:36:19 --> Session: Class initialized using 'CodeIgniter\Session\Handlers\FileHandler' driver.
INFO - 2024-09-02 07:36:25 --> Session: Class initialized using 'CodeIgniter\Session\Handlers\FileHandler' driver.
INFO - 2024-09-02 07:36:31 --> Session: Class initialized using 'CodeIgniter\Session\Handlers\FileHandler' driver.
INFO - 2024-09-02 07:36:36 --> Session: Class initialized using 'CodeIgniter\Session\Handlers\FileHandler' driver.
INFO - 2024-09-02 07:36:47 --> Session: Class initialized using 'CodeIgniter\Session\Handlers\FileHandler' driver.
INFO - 2024-09-02 07:36:52 --> Session: Class initialized using 'CodeIgniter\Session\Handlers\FileHandler' driver.
INFO - 2024-09-02 07:37:51 --> Session: Class initialized using 'CodeIgniter\Session\Handlers\FileHandler' driver.
INFO - 2024-09-02 07:41:12 --> Session: Class initialized using 'CodeIgniter\Session\Handlers\FileHandler' driver.
INFO - 2024-09-02 07:42:08 --> Session: Class initialized using 'CodeIgniter\Session\Handlers\FileHandler' driver.
INFO - 2024-09-02 07:42:56 --> Session: Class initialized using 'CodeIgniter\Session\Handlers\FileHandler' driver.
INFO - 2024-09-02 07:44:09 --> Session: Class initialized using 'CodeIgniter\Session\Handlers\FileHandler' driver.
INFO - 2024-09-02 07:44:48 --> Session: Class initialized using 'CodeIgniter\Session\Handlers\FileHandler' driver.
INFO - 2024-09-02 07:45:11 --> Session: Class initialized using 'CodeIgniter\Session\Handlers\FileHandler' driver.
INFO - 2024-09-02 07:45:25 --> Session: Class initialized using 'CodeIgniter\Session\Handlers\FileHandler' driver.
INFO - 2024-09-02 07:46:05 --> Session: Class initialized using 'CodeIgniter\Session\Handlers\FileHandler' driver.
INFO - 2024-09-02 07:46:06 --> Session: Class initialized using 'CodeIgniter\Session\Handlers\FileHandler' driver.
INFO - 2024-09-02 07:48:07 --> Session: Class initialized using 'CodeIgniter\Session\Handlers\FileHandler' driver.
INFO - 2024-09-02 07:48:18 --> Session: Class initialized using 'CodeIgniter\Session\Handlers\FileHandler' driver.
INFO - 2024-09-02 07:48:24 --> Session: Class initialized using 'CodeIgniter\Session\Handlers\FileHandler' driver.
INFO - 2024-09-02 08:49:09 --> Session: Class initialized using 'CodeIgniter\Session\Handlers\FileHandler' driver.
INFO - 2024-09-02 08:49:16 --> Session: Class initialized using 'CodeIgniter\Session\Handlers\FileHandler' driver.
INFO - 2024-09-02 08:50:49 --> Session: Class initialized using 'CodeIgniter\Session\Handlers\FileHandler' driver.
INFO - 2024-09-02 08:50:51 --> Session: Class initialized using 'CodeIgniter\Session\Handlers\FileHandler' driver.
INFO - 2024-09-02 08:50:56 --> CSRF token verified.
INFO - 2024-09-02 08:50:56 --> Session: Class initialized using 'CodeIgniter\Session\Handlers\FileHandler' driver.
INFO - 2024-09-02 08:50:56 --> Session: Class initialized using 'CodeIgniter\Session\Handlers\FileHandler' driver.
INFO - 2024-09-02 08:51:01 --> Session: Class initialized using 'CodeIgniter\Session\Handlers\FileHandler' driver.
INFO - 2024-09-02 08:51:18 --> Session: Class initialized using 'CodeIgniter\Session\Handlers\FileHandler' driver.
INFO - 2024-09-02 08:53:19 --> Session: Class initialized using 'CodeIgniter\Session\Handlers\FileHandler' driver.
INFO - 2024-09-02 08:56:58 --> CSRF token verified.
INFO - 2024-09-02 15:56:59 --> Session: Class initialized using 'CodeIgniter\Session\Handlers\FileHandler' driver.
INFO - 2024-09-02 08:56:59 --> Session: Class initialized using 'CodeIgniter\Session\Handlers\FileHandler' driver.
INFO - 2024-09-02 08:57:03 --> Session: Class initialized using 'CodeIgniter\Session\Handlers\FileHandler' driver.
INFO - 2024-09-02 08:57:04 --> Session: Class initialized using 'CodeIgniter\Session\Handlers\FileHandler' driver.
INFO - 2024-09-02 08:57:09 --> Session: Class initialized using 'CodeIgniter\Session\Handlers\FileHandler' driver.
INFO - 2024-09-02 08:57:10 --> Session: Class initialized using 'CodeIgniter\Session\Handlers\FileHandler' driver.
INFO - 2024-09-02 08:57:12 --> Session: Class initialized using 'CodeIgniter\Session\Handlers\FileHandler' driver.
INFO - 2024-09-02 08:57:32 --> CSRF token verified.
INFO - 2024-09-02 15:57:32 --> Session: Class initialized using 'CodeIgniter\Session\Handlers\FileHandler' driver.
INFO - 2024-09-02 08:57:32 --> Session: Class initialized using 'CodeIgniter\Session\Handlers\FileHandler' driver.
INFO - 2024-09-02 08:57:39 --> Session: Class initialized using 'CodeIgniter\Session\Handlers\FileHandler' driver.
INFO - 2024-09-02 08:57:54 --> CSRF token verified.
INFO - 2024-09-02 15:57:54 --> Session: Class initialized using 'CodeIgniter\Session\Handlers\FileHandler' driver.
INFO - 2024-09-02 08:57:54 --> Session: Class initialized using 'CodeIgniter\Session\Handlers\FileHandler' driver.
INFO - 2024-09-02 08:58:00 --> Session: Class initialized using 'CodeIgniter\Session\Handlers\FileHandler' driver.
INFO - 2024-09-02 08:58:16 --> Session: Class initialized using 'CodeIgniter\Session\Handlers\FileHandler' driver.
INFO - 2024-09-02 09:02:52 --> Session: Class initialized using 'CodeIgniter\Session\Handlers\FileHandler' driver.
INFO - 2024-09-02 09:02:55 --> Session: Class initialized using 'CodeIgniter\Session\Handlers\FileHandler' driver.
CRITICAL - 2024-09-02 09:02:55 --> Attempt to read property "id_produk" on null
in APPPATH\Views\admin\produk\edit.php on line 17.
 1 APPPATH\Views\admin\produk\edit.php(17): CodeIgniter\Debug\Exceptions->errorHandler(2, 'Attempt to read property "id_produk" on null', 'C:\\project\\hantarankayumalang.kadinkotamalang.com\\47\\app\\Views\\admin\\produk\\edit.php', 17)
 2 SYSTEMPATH\View\View.php(224): include('C:\\project\\hantarankayumalang.kadinkotamalang.com\\47\\app\\Views\\admin\\produk\\edit.php')
 3 SYSTEMPATH\View\View.php(227): CodeIgniter\View\View->CodeIgniter\View\{closure}()
 4 SYSTEMPATH\Common.php(1180): CodeIgniter\View\View->render('admin/produk/edit', [], true)
 5 APPPATH\Controllers\admin\Produk.php(106): view('admin/produk/edit', [...])
 6 SYSTEMPATH\CodeIgniter.php(932): App\Controllers\admin\Produk->edit('favicon.ico')
 7 SYSTEMPATH\CodeIgniter.php(497): CodeIgniter\CodeIgniter->runController(Object(App\Controllers\admin\Produk))
 8 SYSTEMPATH\CodeIgniter.php(366): CodeIgniter\CodeIgniter->handleRequest(null, Object(Config\Cache), false)
 9 FCPATH\index.php(67): CodeIgniter\CodeIgniter->run()
10 SYSTEMPATH\Commands\Server\rewrite.php(47): require_once('C:\\project\\hantarankayumalang.kadinkotamalang.com\\47\\public\\index.php')
INFO - 2024-09-02 09:04:26 --> CSRF token verified.
INFO - 2024-09-02 09:04:26 --> Session: Class initialized using 'CodeIgniter\Session\Handlers\FileHandler' driver.
INFO - 2024-09-02 09:04:26 --> Session: Class initialized using 'CodeIgniter\Session\Handlers\FileHandler' driver.
INFO - 2024-09-02 09:04:32 --> Session: Class initialized using 'CodeIgniter\Session\Handlers\FileHandler' driver.
INFO - 2024-09-02 09:04:34 --> Session: Class initialized using 'CodeIgniter\Session\Handlers\FileHandler' driver.
CRITICAL - 2024-09-02 09:04:34 --> Attempt to read property "id_produk" on null
in APPPATH\Views\admin\produk\edit.php on line 17.
 1 APPPATH\Views\admin\produk\edit.php(17): CodeIgniter\Debug\Exceptions->errorHandler(2, 'Attempt to read property "id_produk" on null', 'C:\\project\\hantarankayumalang.kadinkotamalang.com\\47\\app\\Views\\admin\\produk\\edit.php', 17)
 2 SYSTEMPATH\View\View.php(224): include('C:\\project\\hantarankayumalang.kadinkotamalang.com\\47\\app\\Views\\admin\\produk\\edit.php')
 3 SYSTEMPATH\View\View.php(227): CodeIgniter\View\View->CodeIgniter\View\{closure}()
 4 SYSTEMPATH\Common.php(1180): CodeIgniter\View\View->render('admin/produk/edit', [], true)
 5 APPPATH\Controllers\admin\Produk.php(106): view('admin/produk/edit', [...])
 6 SYSTEMPATH\CodeIgniter.php(932): App\Controllers\admin\Produk->edit('favicon.ico')
 7 SYSTEMPATH\CodeIgniter.php(497): CodeIgniter\CodeIgniter->runController(Object(App\Controllers\admin\Produk))
 8 SYSTEMPATH\CodeIgniter.php(366): CodeIgniter\CodeIgniter->handleRequest(null, Object(Config\Cache), false)
 9 FCPATH\index.php(67): CodeIgniter\CodeIgniter->run()
10 SYSTEMPATH\Commands\Server\rewrite.php(47): require_once('C:\\project\\hantarankayumalang.kadinkotamalang.com\\47\\public\\index.php')
INFO - 2024-09-02 09:05:53 --> CSRF token verified.
INFO - 2024-09-02 09:05:53 --> Session: Class initialized using 'CodeIgniter\Session\Handlers\FileHandler' driver.
INFO - 2024-09-02 09:05:53 --> Session: Class initialized using 'CodeIgniter\Session\Handlers\FileHandler' driver.
INFO - 2024-09-02 09:05:56 --> Session: Class initialized using 'CodeIgniter\Session\Handlers\FileHandler' driver.
CRITICAL - 2024-09-02 09:05:56 --> Attempt to read property "id_produk" on null
in APPPATH\Views\admin\produk\edit.php on line 17.
 1 APPPATH\Views\admin\produk\edit.php(17): CodeIgniter\Debug\Exceptions->errorHandler(2, 'Attempt to read property "id_produk" on null', 'C:\\project\\hantarankayumalang.kadinkotamalang.com\\47\\app\\Views\\admin\\produk\\edit.php', 17)
 2 SYSTEMPATH\View\View.php(224): include('C:\\project\\hantarankayumalang.kadinkotamalang.com\\47\\app\\Views\\admin\\produk\\edit.php')
 3 SYSTEMPATH\View\View.php(227): CodeIgniter\View\View->CodeIgniter\View\{closure}()
 4 SYSTEMPATH\Common.php(1180): CodeIgniter\View\View->render('admin/produk/edit', [], true)
 5 APPPATH\Controllers\admin\Produk.php(106): view('admin/produk/edit', [...])
 6 SYSTEMPATH\CodeIgniter.php(932): App\Controllers\admin\Produk->edit('favicon.ico')
 7 SYSTEMPATH\CodeIgniter.php(497): CodeIgniter\CodeIgniter->runController(Object(App\Controllers\admin\Produk))
 8 SYSTEMPATH\CodeIgniter.php(366): CodeIgniter\CodeIgniter->handleRequest(null, Object(Config\Cache), false)
 9 FCPATH\index.php(67): CodeIgniter\CodeIgniter->run()
10 SYSTEMPATH\Commands\Server\rewrite.php(47): require_once('C:\\project\\hantarankayumalang.kadinkotamalang.com\\47\\public\\index.php')
INFO - 2024-09-02 09:07:04 --> CSRF token verified.
INFO - 2024-09-02 09:07:04 --> Session: Class initialized using 'CodeIgniter\Session\Handlers\FileHandler' driver.
INFO - 2024-09-02 09:07:04 --> Session: Class initialized using 'CodeIgniter\Session\Handlers\FileHandler' driver.
INFO - 2024-09-02 09:07:06 --> Session: Class initialized using 'CodeIgniter\Session\Handlers\FileHandler' driver.
CRITICAL - 2024-09-02 09:07:06 --> Attempt to read property "id_produk" on null
in APPPATH\Views\admin\produk\edit.php on line 17.
 1 APPPATH\Views\admin\produk\edit.php(17): CodeIgniter\Debug\Exceptions->errorHandler(2, 'Attempt to read property "id_produk" on null', 'C:\\project\\hantarankayumalang.kadinkotamalang.com\\47\\app\\Views\\admin\\produk\\edit.php', 17)
 2 SYSTEMPATH\View\View.php(224): include('C:\\project\\hantarankayumalang.kadinkotamalang.com\\47\\app\\Views\\admin\\produk\\edit.php')
 3 SYSTEMPATH\View\View.php(227): CodeIgniter\View\View->CodeIgniter\View\{closure}()
 4 SYSTEMPATH\Common.php(1180): CodeIgniter\View\View->render('admin/produk/edit', [], true)
 5 APPPATH\Controllers\admin\Produk.php(106): view('admin/produk/edit', [...])
 6 SYSTEMPATH\CodeIgniter.php(932): App\Controllers\admin\Produk->edit('favicon.ico')
 7 SYSTEMPATH\CodeIgniter.php(497): CodeIgniter\CodeIgniter->runController(Object(App\Controllers\admin\Produk))
 8 SYSTEMPATH\CodeIgniter.php(366): CodeIgniter\CodeIgniter->handleRequest(null, Object(Config\Cache), false)
 9 FCPATH\index.php(67): CodeIgniter\CodeIgniter->run()
10 SYSTEMPATH\Commands\Server\rewrite.php(47): require_once('C:\\project\\hantarankayumalang.kadinkotamalang.com\\47\\public\\index.php')
INFO - 2024-09-02 09:08:08 --> CSRF token verified.
INFO - 2024-09-02 09:08:08 --> Session: Class initialized using 'CodeIgniter\Session\Handlers\FileHandler' driver.
INFO - 2024-09-02 09:08:08 --> Session: Class initialized using 'CodeIgniter\Session\Handlers\FileHandler' driver.
INFO - 2024-09-02 09:08:18 --> Session: Class initialized using 'CodeIgniter\Session\Handlers\FileHandler' driver.
INFO - 2024-09-02 09:08:21 --> Session: Class initialized using 'CodeIgniter\Session\Handlers\FileHandler' driver.
CRITICAL - 2024-09-02 09:08:21 --> Attempt to read property "id_produk" on null
in APPPATH\Views\admin\produk\edit.php on line 17.
 1 APPPATH\Views\admin\produk\edit.php(17): CodeIgniter\Debug\Exceptions->errorHandler(2, 'Attempt to read property "id_produk" on null', 'C:\\project\\hantarankayumalang.kadinkotamalang.com\\47\\app\\Views\\admin\\produk\\edit.php', 17)
 2 SYSTEMPATH\View\View.php(224): include('C:\\project\\hantarankayumalang.kadinkotamalang.com\\47\\app\\Views\\admin\\produk\\edit.php')
 3 SYSTEMPATH\View\View.php(227): CodeIgniter\View\View->CodeIgniter\View\{closure}()
 4 SYSTEMPATH\Common.php(1180): CodeIgniter\View\View->render('admin/produk/edit', [], true)
 5 APPPATH\Controllers\admin\Produk.php(106): view('admin/produk/edit', [...])
 6 SYSTEMPATH\CodeIgniter.php(932): App\Controllers\admin\Produk->edit('favicon.ico')
 7 SYSTEMPATH\CodeIgniter.php(497): CodeIgniter\CodeIgniter->runController(Object(App\Controllers\admin\Produk))
 8 SYSTEMPATH\CodeIgniter.php(366): CodeIgniter\CodeIgniter->handleRequest(null, Object(Config\Cache), false)
 9 FCPATH\index.php(67): CodeIgniter\CodeIgniter->run()
10 SYSTEMPATH\Commands\Server\rewrite.php(47): require_once('C:\\project\\hantarankayumalang.kadinkotamalang.com\\47\\public\\index.php')
INFO - 2024-09-02 09:09:36 --> CSRF token verified.
INFO - 2024-09-02 09:09:36 --> Session: Class initialized using 'CodeIgniter\Session\Handlers\FileHandler' driver.
INFO - 2024-09-02 09:09:36 --> Session: Class initialized using 'CodeIgniter\Session\Handlers\FileHandler' driver.
INFO - 2024-09-02 09:09:42 --> Session: Class initialized using 'CodeIgniter\Session\Handlers\FileHandler' driver.
INFO - 2024-09-02 09:09:45 --> Session: Class initialized using 'CodeIgniter\Session\Handlers\FileHandler' driver.
CRITICAL - 2024-09-02 09:09:46 --> Attempt to read property "id_produk" on null
in APPPATH\Views\admin\produk\edit.php on line 17.
 1 APPPATH\Views\admin\produk\edit.php(17): CodeIgniter\Debug\Exceptions->errorHandler(2, 'Attempt to read property "id_produk" on null', 'C:\\project\\hantarankayumalang.kadinkotamalang.com\\47\\app\\Views\\admin\\produk\\edit.php', 17)
 2 SYSTEMPATH\View\View.php(224): include('C:\\project\\hantarankayumalang.kadinkotamalang.com\\47\\app\\Views\\admin\\produk\\edit.php')
 3 SYSTEMPATH\View\View.php(227): CodeIgniter\View\View->CodeIgniter\View\{closure}()
 4 SYSTEMPATH\Common.php(1180): CodeIgniter\View\View->render('admin/produk/edit', [], true)
 5 APPPATH\Controllers\admin\Produk.php(106): view('admin/produk/edit', [...])
 6 SYSTEMPATH\CodeIgniter.php(932): App\Controllers\admin\Produk->edit('favicon.ico')
 7 SYSTEMPATH\CodeIgniter.php(497): CodeIgniter\CodeIgniter->runController(Object(App\Controllers\admin\Produk))
 8 SYSTEMPATH\CodeIgniter.php(366): CodeIgniter\CodeIgniter->handleRequest(null, Object(Config\Cache), false)
 9 FCPATH\index.php(67): CodeIgniter\CodeIgniter->run()
10 SYSTEMPATH\Commands\Server\rewrite.php(47): require_once('C:\\project\\hantarankayumalang.kadinkotamalang.com\\47\\public\\index.php')
INFO - 2024-09-02 09:11:05 --> CSRF token verified.
INFO - 2024-09-02 09:11:05 --> Session: Class initialized using 'CodeIgniter\Session\Handlers\FileHandler' driver.
INFO - 2024-09-02 09:11:05 --> Session: Class initialized using 'CodeIgniter\Session\Handlers\FileHandler' driver.
INFO - 2024-09-02 09:11:12 --> Session: Class initialized using 'CodeIgniter\Session\Handlers\FileHandler' driver.
INFO - 2024-09-02 09:11:12 --> Session: Class initialized using 'CodeIgniter\Session\Handlers\FileHandler' driver.
INFO - 2024-09-02 09:11:17 --> Session: Class initialized using 'CodeIgniter\Session\Handlers\FileHandler' driver.
INFO - 2024-09-02 09:11:37 --> Session: Class initialized using 'CodeIgniter\Session\Handlers\FileHandler' driver.
